<?xml version="1.0" encoding="UTF-8"?>
<!-- Generated by org.testng.reporters.JUnitXMLReporter -->
<testsuite ignored="17" hostname="Ameet" failures="0" tests="1" name="Default test" time="22.597" errors="0" timestamp="2024-12-17T19:31:15 IST">
  <testcase classname="testcases.RestAssured_TestCases_PL1" name="getCurrentFiscalYearDetailsTest" time="22.301"/>
  <testcase classname="testcases.RestAssured_TestCases_PL1" name="getProvisionalItemsListByPatientIdAndSchemeIdTest" time="0.0">
    <ignored/>
  </testcase> <!-- getProvisionalItemsListByPatientIdAndSchemeIdTest -->
  <testcase classname="testcases.RestAssured_TestCases_PL1" name="searchIpdPatientByPatientIdTest" time="0.0">
    <ignored/>
  </testcase> <!-- searchIpdPatientByPatientIdTest -->
  <testcase classname="testcases.RestAssured_TestCases_PL1" name="getInvoicesByDateRangeTest" time="0.0">
    <ignored/>
  </testcase> <!-- getInvoicesByDateRangeTest -->
  <testcase classname="testcases.RestAssured_TestCases_PL1" name="getBillingSummaryByPatientIdTest" time="0.0">
    <ignored/>
  </testcase> <!-- getBillingSummaryByPatientIdTest -->
  <testcase classname="testcases.RestAssured_TestCases_PL1" name="getPatientProvisionalInfoTest" time="0.0">
    <ignored/>
  </testcase> <!-- getPatientProvisionalInfoTest -->
  <testcase classname="testcases.RestAssured_TestCases_PL1" name="getProviderListTest" time="0.0">
    <ignored/>
  </testcase> <!-- getProviderListTest -->
  <testcase classname="testcases.RestAssured_TestCases_PL1" name="getConsumptionsListOfAPatientByIdTest" time="0.0">
    <ignored/>
  </testcase> <!-- getConsumptionsListOfAPatientByIdTest -->
  <testcase classname="testcases.RestAssured_TestCases_PL1" name="getReturnConsumptionsListTest" time="0.0">
    <ignored/>
  </testcase> <!-- getReturnConsumptionsListTest -->
  <testcase classname="testcases.RestAssured_TestCases_PL1" name="getRequisitionByDateRangeTest" time="0.0">
    <ignored/>
  </testcase> <!-- getRequisitionByDateRangeTest -->
  <testcase classname="testcases.RestAssured_TestCases_PL1" name="getPatientConsumptionsTest" time="0.0">
    <ignored/>
  </testcase> <!-- getPatientConsumptionsTest -->
  <testcase classname="testcases.RestAssured_TestCases_PL1" name="getPatientConsumptionInfoTest" time="0.0">
    <ignored/>
  </testcase> <!-- getPatientConsumptionInfoTest -->
  <testcase classname="testcases.RestAssured_TestCases_PL1" name="getUsersListTest" time="0.0">
    <ignored/>
  </testcase> <!-- getUsersListTest -->
  <testcase classname="testcases.RestAssured_TestCases_PL1" name="getAllStocksTest" time="0.0">
    <ignored/>
  </testcase> <!-- getAllStocksTest -->
  <testcase classname="testcases.RestAssured_TestCases_PL1" name="getMainStoreTest" time="0.0">
    <ignored/>
  </testcase> <!-- getMainStoreTest -->
  <testcase classname="testcases.RestAssured_TestCases_PL1" name="getAdmittedPatientsTest" time="0.0">
    <ignored/>
  </testcase> <!-- getAdmittedPatientsTest -->
  <testcase classname="testcases.RestAssured_TestCases_PL1" name="getDischargedPatientsTest" time="0.0">
    <ignored/>
  </testcase> <!-- getDischargedPatientsTest -->
  <testcase classname="testcases.RestAssured_TestCases_PL1" name="getBillingSchemeBySchemeIdTest" time="0.0">
    <ignored/>
  </testcase> <!-- getBillingSchemeBySchemeIdTest -->
</testsuite> <!-- Default test -->
