<?xml version="1.0" encoding="UTF-8"?>
<!-- Generated by org.testng.reporters.JUnitXMLReporter -->
<testsuite ignored="0" hostname="Ameet" failures="0" tests="18" name="Test" time="133.148" errors="0" timestamp="2024-12-17T19:35:52 IST">
  <testcase classname="testcases.RestAssured_TestCases_PL1" name="getAllStocksTest" time="29.443"/>
  <testcase classname="testcases.RestAssured_TestCases_PL1" name="getMainStoreTest" time="0.892"/>
  <testcase classname="testcases.RestAssured_TestCases_PL1" name="getRequisitionByDateRangeTest" time="2.954"/>
  <testcase classname="testcases.RestAssured_TestCases_PL1" name="getPatientConsumptionsTest" time="1.151"/>
  <testcase classname="testcases.RestAssured_TestCases_PL1" name="getPatientConsumptionInfoTest" time="1.239"/>
  <testcase classname="testcases.RestAssured_TestCases_PL1" name="getBillingSchemeBySchemeIdTest" time="1.136"/>
  <testcase classname="testcases.RestAssured_TestCases_PL1" name="getBillingSummaryByPatientIdTest" time="0.825"/>
  <testcase classname="testcases.RestAssured_TestCases_PL1" name="getConsumptionsListOfAPatientByIdTest" time="0.721"/>
  <testcase classname="testcases.RestAssured_TestCases_PL1" name="getReturnConsumptionsListTest" time="0.825"/>
  <testcase classname="testcases.RestAssured_TestCases_PL1" name="getDischargedPatientsTest" time="0.906"/>
  <testcase classname="testcases.RestAssured_TestCases_PL1" name="getAdmittedPatientsTest" time="3.792"/>
  <testcase classname="testcases.RestAssured_TestCases_PL1" name="searchIpdPatientByPatientIdTest" time="1.226"/>
  <testcase classname="testcases.RestAssured_TestCases_PL1" name="getPatientProvisionalInfoTest" time="0.779"/>
  <testcase classname="testcases.RestAssured_TestCases_PL1" name="getProvisionalItemsListByPatientIdAndSchemeIdTest" time="2.3"/>
  <testcase classname="testcases.RestAssured_TestCases_PL1" name="getInvoicesByDateRangeTest" time="22.482"/>
  <testcase classname="testcases.RestAssured_TestCases_PL1" name="getProviderListTest" time="0.791"/>
  <testcase classname="testcases.RestAssured_TestCases_PL1" name="getUsersListTest" time="0.807"/>
  <testcase classname="testcases.RestAssured_TestCases_PL1" name="getCurrentFiscalYearDetailsTest" time="1.063"/>
</testsuite> <!-- Test -->
